Watching for file changes with StatReloader
D:\Job-tracker\backend\backend\settings.py changed, reloading.
Watching for file changes with StatReloader
Fetching applications for user: filipinascarlchristian@gmail.com
Fetching applications for user: filipinascarlchristian@gmail.com
Fetching applications for user: filipinascarlchristian@gmail.com
Fetching applications for user: filipinascarlchristian@gmail.com
Fetching applications for user: filipinascarlchristian@gmail.com
Fetching applications for user: filipinascarlchristian@gmail.com
Fetching applications for user: filipinascarlchristian@gmail.com
Fetching applications for user: filipinascarlchristian@gmail.com
Fetching applications for user: filipinascarlchristian@gmail.com
Fetching applications for user: filipinascarlchristian@gmail.com
Fetching applications for user: filipinascarlchristian@gmail.com
Fetching applications for user: filipinascarlchristian@gmail.com
Fetching applications for user: filipinascarlchristian@gmail.com
Fetching applications for user: filipinascarlchristian@gmail.com
Fetching applications for user: filipinascarlchristian@gmail.com
Fetching applications for user: filipinascarlchristian@gmail.com
Fetching applications for user: filipinascarlchristian@gmail.com
Fetching applications for user: filipinascarlchristian@gmail.com
Fetching applications for user: filipinascarlchristian@gmail.com
Fetching applications for user: filipinascarlchristian@gmail.com
D:\Job-tracker\backend\apply\views.py changed, reloading.
Watching for file changes with StatReloader
Fetching applications for user: filipinascarlchristian@gmail.com
Fetching applications for user: filipinascarlchristian@gmail.com
D:\Job-tracker\backend\apply\views.py changed, reloading.
Watching for file changes with StatReloader
Fetching applications for user: filipinascarlchristian@gmail.com
Fetching applications for user: filipinascarlchristian@gmail.com
Fetching applications for user: filipinascarlchristian@gmail.com
Fetching applications for user: filipinascarlchristian@gmail.com
Fetching applications for user: filipinascarlchristian@gmail.com
Fetching applications for user: filipinascarlchristian@gmail.com
Fetching applications for user: filipinascarlchristian@gmail.com
Fetching applications for user: filipinascarlchristian@gmail.com
Fetching applications for user: filipinascarlchristian@gmail.com
Fetching applications for user: filipinascarlchristian@gmail.com
Fetching applications for user: filipinascarlchristian@gmail.com
Fetching applications for user: filipinascarlchristian@gmail.com
Fetching applications for user: filipinascarlchristian@gmail.com
Fetching applications for user: filipinascarlchristian@gmail.com
Fetching applications for user: filipinascarlchristian@gmail.com
Fetching applications for user: filipinascarlchristian@gmail.com
Fetching applications for user: filipinascarlchristian@gmail.com
Fetching applications for user: filipinascarlchristian@gmail.com
Fetching applications for user: filipinascarlchristian@gmail.com
Fetching applications for user: filipinascarlchristian@gmail.com
Fetching applications for user: filipinascarlchristian@gmail.com
D:\Job-tracker\backend\apply\views.py changed, reloading.
Watching for file changes with StatReloader
Fetching applications for user: filipinascarlchristian@gmail.com
D:\Job-tracker\backend\apply\admin.py changed, reloading.
Watching for file changes with StatReloader
Fetching applications for user: filipinascarlchristian@gmail.com
Fetching applications for user: filipinascarlchristian@gmail.com
Fetching applications for user: filipinascarlchristian@gmail.com
Fetching applications for user: filipinascarlchristian@gmail.com
Email sent to filipinascarlchristian@gmail.com for status update to For Interview
Fetching applications for user: filipinascarlchristian@gmail.com
Fetching applications for user: filipinascarlchristian@gmail.com
Email sent to filipinascarlchristian@gmail.com for status update to Applied
Fetching applications for user: filipinascarlchristian@gmail.com
Fetching applications for user: filipinascarlchristian@gmail.com
Fetching applications for user: filipinascarlchristian@gmail.com
Fetching applications for user: filipinascarlchristian@gmail.com
Fetching applications for user: filipinascarlchristian@gmail.com
D:\Job-tracker\backend\backend\settings.py changed, reloading.
Watching for file changes with StatReloader
Watching for file changes with StatReloader
D:\Job-tracker\backend\backend\settings.py changed, reloading.
Watching for file changes with StatReloader
D:\Job-tracker\backend\backend\settings.py changed, reloading.
Watching for file changes with StatReloader
